/home/Synopsys/tools/syn/T-2022.03-SP5/auxx/gui/dv/dv_setup.tcl
/home/Synopsys/tools/syn/T-2022.03-SP5/auxx/gui/syn/snpsSynProcs.tcl
/home/Synopsys/tools/syn/T-2022.03-SP5/auxx/gui/syn/layout/pkgIndex.tcl
/home/Synopsys/tools/syn/T-2022.03-SP5/auxx/gui/common/3dic/pkgIndex.tcl
/home/Synopsys/tools/syn/T-2022.03-SP5/auxx/gui/common/3dlayout/pkgIndex.tcl
/home/Synopsys/tools/syn/T-2022.03-SP5/auxx/gui/common/3dmodel/pkgIndex.tcl
/home/Synopsys/tools/syn/T-2022.03-SP5/auxx/gui/common/WindowFrameWork/pkgIndex.tcl
/home/Synopsys/tools/syn/T-2022.03-SP5/auxx/gui/common/acg/pkgIndex.tcl
/home/Synopsys/tools/syn/T-2022.03-SP5/auxx/gui/common/commandform/pkgIndex.tcl
/home/Synopsys/tools/syn/T-2022.03-SP5/auxx/gui/common/dialogs/pkgIndex.tcl
/home/Synopsys/tools/syn/T-2022.03-SP5/auxx/gui/common/docBrowser/pkgIndex.tcl
/home/Synopsys/tools/syn/T-2022.03-SP5/auxx/gui/common/hierAttrView/pkgIndex.tcl
/home/Synopsys/tools/syn/T-2022.03-SP5/auxx/gui/common/hierarchy/pkgIndex.tcl
/home/Synopsys/tools/syn/T-2022.03-SP5/auxx/gui/common/highlight/pkgIndex.tcl
/home/Synopsys/tools/syn/T-2022.03-SP5/auxx/gui/common/histogram/pkgIndex.tcl
/home/Synopsys/tools/syn/T-2022.03-SP5/auxx/gui/common/layout/pkgIndex.tcl
/home/Synopsys/tools/syn/T-2022.03-SP5/auxx/gui/common/libviewer/pkgIndex.tcl
/home/Synopsys/tools/syn/T-2022.03-SP5/auxx/gui/common/menus/pkgIndex.tcl
/home/Synopsys/tools/syn/T-2022.03-SP5/auxx/gui/common/misc/pkgIndex.tcl
/home/Synopsys/tools/syn/T-2022.03-SP5/auxx/gui/common/mrupalette/pkgIndex.tcl
/home/Synopsys/tools/syn/T-2022.03-SP5/auxx/gui/common/opdlg/pkgIndex.tcl
/home/Synopsys/tools/syn/T-2022.03-SP5/auxx/gui/common/palettegroup/pkgIndex.tcl
/home/Synopsys/tools/syn/T-2022.03-SP5/auxx/gui/common/propertyEditor/pkgIndex.tcl
/home/Synopsys/tools/syn/T-2022.03-SP5/auxx/gui/common/qtcl/pkgIndex.tcl
/home/Synopsys/tools/syn/T-2022.03-SP5/auxx/gui/common/regressionToolkit/pkgIndex.tcl
/home/Synopsys/tools/syn/T-2022.03-SP5/auxx/gui/common/rtlxref/pkgIndex.tcl
/home/Synopsys/tools/syn/T-2022.03-SP5/auxx/gui/common/schematic/pkgIndex.tcl
/home/Synopsys/tools/syn/T-2022.03-SP5/auxx/gui/common/select/pkgIndex.tcl
/home/Synopsys/tools/syn/T-2022.03-SP5/auxx/gui/common/setup/pkgIndex.tcl
/home/Synopsys/tools/syn/T-2022.03-SP5/auxx/gui/common/strokes/pkgIndex.tcl
/home/Synopsys/tools/syn/T-2022.03-SP5/auxx/gui/common/table/pkgIndex.tcl
/home/Synopsys/tools/syn/T-2022.03-SP5/auxx/gui/common/taskassistant/pkgIndex.tcl
/home/Synopsys/tools/syn/T-2022.03-SP5/auxx/gui/common/tcl-dp/pkgIndex.tcl
/home/Synopsys/tools/syn/T-2022.03-SP5/auxx/gui/common/tiledview/pkgIndex.tcl
/home/Synopsys/tools/syn/T-2022.03-SP5/auxx/gui/common/timing/pkgIndex.tcl
/home/Synopsys/tools/syn/T-2022.03-SP5/auxx/gui/common/tq/pkgIndex.tcl
/home/Synopsys/tools/syn/T-2022.03-SP5/auxx/gui/common/utable/pkgIndex.tcl
/home/Synopsys/tools/syn/T-2022.03-SP5/auxx/gui/common/view/pkgIndex.tcl
/home/Synopsys/tools/syn/T-2022.03-SP5/auxx/gui/dv/pkgIndex.tcl
/home/Synopsys/tools/syn/T-2022.03-SP5/auxx/syn/lib/pkgIndex.tcl
/home/Synopsys/tools/syn/T-2022.03-SP5/auxx/tcllib/lib/itcl4.2.1/pkgIndex.tcl
/home/Synopsys/tools/syn/T-2022.03-SP5/auxx/tcllib/lib/iwidgets4.1/pkgIndex.tcl
/home/Synopsys/tools/syn/T-2022.03-SP5/auxx/tcllib/snps_tcl/snpsTclPro/pkgIndex.tcl
/home/Synopsys/tools/syn/T-2022.03-SP5/auxx/tcllib/snps_tcl/snpsTest/pkgIndex.tcl
/home/Synopsys/tools/syn/T-2022.03-SP5/auxx/tcllib/snps_tcl/snpsUtils/pkgIndex.tcl
/home/Synopsys/tools/syn/T-2022.03-SP5/auxx/tcllib/snps_tcl/pkgIndex.tcl
/home/Synopsys/tools/syn/T-2022.03-SP5/auxx/tcllib/lib/tcl8.6/dde/pkgIndex.tcl
/home/Synopsys/tools/syn/T-2022.03-SP5/auxx/tcllib/lib/tcl8.6/http/pkgIndex.tcl
/home/Synopsys/tools/syn/T-2022.03-SP5/auxx/tcllib/lib/tcl8.6/http1.0/pkgIndex.tcl
/home/Synopsys/tools/syn/T-2022.03-SP5/auxx/tcllib/lib/tcl8.6/msgcat/pkgIndex.tcl
/home/Synopsys/tools/syn/T-2022.03-SP5/auxx/tcllib/lib/tcl8.6/opt/pkgIndex.tcl
/home/Synopsys/tools/syn/T-2022.03-SP5/auxx/tcllib/lib/tcl8.6/platform/pkgIndex.tcl
/home/Synopsys/tools/syn/T-2022.03-SP5/auxx/tcllib/lib/tcl8.6/reg/pkgIndex.tcl
/home/Synopsys/tools/syn/T-2022.03-SP5/auxx/tcllib/lib/tcl8.6/tcltest/pkgIndex.tcl
/home/Synopsys/tools/syn/T-2022.03-SP5/auxx/gui/common/setup/snpsCommonSetup.tcl
/home/Synopsys/tools/syn/T-2022.03-SP5/auxx/gui/common/setup/snpsCustomize.tcl
/home/Synopsys/tools/syn/T-2022.03-SP5/auxx/gui/common/setup/snpsProcheck.tcl
/home/Synopsys/tools/syn/T-2022.03-SP5/auxx/gui/common/misc/base.tcl
/home/Synopsys/tools/syn/T-2022.03-SP5/auxx/gui/common/misc/timing.tcl
/home/Synopsys/tools/syn/T-2022.03-SP5/auxx/gui/common/misc/setting.tcl
/home/Synopsys/tools/syn/T-2022.03-SP5/auxx/gui/common/misc/preset.tcl
/home/Synopsys/tools/syn/T-2022.03-SP5/auxx/gui/common/WindowFrameWork/windowFrameWork.tcl
/home/Synopsys/tools/syn/T-2022.03-SP5/auxx/gui/common/WindowFrameWork/skipBusyCursorCmdList.tcl
/home/Synopsys/tools/syn/T-2022.03-SP5/auxx/gui/common/qtcl/.synopsys_qtcl.tcl
/home/Synopsys/tools/syn/T-2022.03-SP5/auxx/gui/common/highlight/highlight.tcl
/home/Synopsys/tools/syn/T-2022.03-SP5/auxx/gui/common/palettegroup/palettegroup.tcl
/home/Synopsys/tools/syn/T-2022.03-SP5/auxx/gui/common/commandform/commandform.tcl
/home/Synopsys/tools/syn/T-2022.03-SP5/auxx/gui/common/tiledview/tiledview.tcl
/home/Synopsys/tools/syn/T-2022.03-SP5/auxx/gui/common/docBrowser/docBrowser.tcl
/home/Synopsys/tools/syn/T-2022.03-SP5/auxx/tcllib/snps_tcl/snpsUtils/snpsUtils.tcl
/home/Synopsys/tools/syn/T-2022.03-SP5/auxx/gui/common/dialogs/ObjectChooser.tcl
/home/Synopsys/tools/syn/T-2022.03-SP5/auxx/gui/common/misc/DialogObjectChooser.tcl
/home/Synopsys/tools/syn/T-2022.03-SP5/auxx/gui/common/dialogs/HistBinInformation.tcl
/home/Synopsys/tools/syn/T-2022.03-SP5/auxx/gui/common/dialogs/HistBin1Information.tcl
/home/Synopsys/tools/syn/T-2022.03-SP5/auxx/gui/common/dialogs/BinsOnlyInformation.tcl
/home/Synopsys/tools/syn/T-2022.03-SP5/auxx/gui/common/dialogs/FileChooser.tcl
/home/Synopsys/tools/syn/T-2022.03-SP5/auxx/gui/common/dialogs/PathPinSimpleInfo.tcl
/home/Synopsys/tools/syn/T-2022.03-SP5/auxx/gui/common/dialogs/PathsBasicInfo.tcl
/home/Synopsys/tools/syn/T-2022.03-SP5/auxx/gui/common/dialogs/PathsBasicSimpleInfo.tcl
/home/Synopsys/tools/syn/T-2022.03-SP5/auxx/gui/common/dialogs/SlctOperationInfo.tcl
/home/Synopsys/tools/syn/T-2022.03-SP5/auxx/gui/common/dialogs/ObjectListInfo.tcl
/home/Synopsys/tools/syn/T-2022.03-SP5/auxx/gui/common/dialogs/FanInOutInfo.tcl
/home/Synopsys/tools/syn/T-2022.03-SP5/auxx/gui/common/dialogs/NumberOfLevelsChooser.tcl
/home/Synopsys/tools/syn/T-2022.03-SP5/auxx/gui/common/dialogs/WindowReuseInfo.tcl
/home/Synopsys/tools/syn/T-2022.03-SP5/auxx/gui/common/dialogs/ReportOutputOptionInfo.tcl
/home/Synopsys/tools/syn/T-2022.03-SP5/auxx/gui/common/setup/snpsCollections.tcl
/home/Synopsys/tools/syn/T-2022.03-SP5/auxx/gui/common/dialogs/CompileLinkDesign.tcl
/home/Synopsys/tools/syn/T-2022.03-SP5/auxx/gui/common/histogram/base.tcl
/home/Synopsys/tools/syn/T-2022.03-SP5/auxx/gui/common/histogram/DialogNetCapacitance.tcl
/home/Synopsys/tools/syn/T-2022.03-SP5/auxx/gui/common/schematic/DialogPathSchematicFanInOut.tcl
/home/Synopsys/tools/syn/T-2022.03-SP5/auxx/gui/common/schematic/DialogPathSchematicAddPaths.tcl
/home/rbalajis/vsd_task/vsdRiscvScl180/synthesis/synth.tcl
/home/Synopsys/tools/syn/T-2022.03-SP5/libraries/syn/gtech.db
/home/Synopsys/tools/syn/T-2022.03-SP5/libraries/syn/standard.sldb
/home/Synopsys/pdk/SCL_PDK_3/SCLPDK_V3.0_KIT/scl180/iopad/cio250/4M1L/liberty/tsl18cio250_min.db
/home/Synopsys/pdk/SCL_PDK_3/SCLPDK_V3.0_KIT/scl180/stdcell/fs120/4M1IL/liberty/lib_flow_ff/tsl18fs120_scl_ff.db
/home/rbalajis/vsd_task/vsdRiscvScl180/rtl/defines.v
/home/rbalajis/vsd_task/vsdRiscvScl180/rtl/defines.v
/home/rbalajis/vsd_task/vsdRiscvScl180/synthesis/ram_por_blackbox_stubs.v
/home/rbalajis/vsd_task/vsdRiscvScl180/synthesis/ram_por_blackbox_stubs.v
/home/rbalajis/vsd_task/vsdRiscvScl180/rtl/RAM128.v
/home/rbalajis/vsd_task/vsdRiscvScl180/rtl/RAM256.v
/home/rbalajis/vsd_task/vsdRiscvScl180/rtl/VexRiscv_MinDebugCache.v
/home/rbalajis/vsd_task/vsdRiscvScl180/rtl/__openframe_project_wrapper.v
/home/rbalajis/vsd_task/vsdRiscvScl180/rtl/__uprj_netlists.v
/home/rbalajis/vsd_task/vsdRiscvScl180/rtl/__user_analog_project_wrapper.v
/home/rbalajis/vsd_task/vsdRiscvScl180/rtl/__user_project_gpio_example.v
/home/rbalajis/vsd_task/vsdRiscvScl180/rtl/__user_project_la_example.v
/home/rbalajis/vsd_task/vsdRiscvScl180/rtl/__user_project_wrapper.v
/home/rbalajis/vsd_task/vsdRiscvScl180/rtl/buff_flash_clkrst.v
/home/rbalajis/vsd_task/vsdRiscvScl180/rtl/caravel.v
/home/rbalajis/vsd_task/vsdRiscvScl180/rtl/caravel_clocking.v
/home/rbalajis/vsd_task/vsdRiscvScl180/rtl/caravel_core.v
/home/rbalajis/vsd_task/vsdRiscvScl180/rtl/caravel_logo.v
/home/rbalajis/vsd_task/vsdRiscvScl180/rtl/caravel_motto.v
/home/rbalajis/vsd_task/vsdRiscvScl180/rtl/caravel_netlists.v
/home/rbalajis/vsd_task/vsdRiscvScl180/rtl/caravel_openframe.v
/home/rbalajis/vsd_task/vsdRiscvScl180/rtl/caravel_power_routing.v
/home/rbalajis/vsd_task/vsdRiscvScl180/rtl/chip_io.v
/home/rbalajis/vsd_task/vsdRiscvScl180/rtl/clock_div.v
/home/rbalajis/vsd_task/vsdRiscvScl180/rtl/constant_block.v
/home/rbalajis/vsd_task/vsdRiscvScl180/rtl/copyright_block.v
/home/rbalajis/vsd_task/vsdRiscvScl180/rtl/copyright_block_a.v
/home/rbalajis/vsd_task/vsdRiscvScl180/rtl/debug_regs.v
/home/rbalajis/vsd_task/vsdRiscvScl180/rtl/defines.v
/home/rbalajis/vsd_task/vsdRiscvScl180/rtl/digital_pll.v
/home/rbalajis/vsd_task/vsdRiscvScl180/rtl/digital_pll_controller.v
/home/rbalajis/vsd_task/vsdRiscvScl180/rtl/dummy_scl180_conb_1.v
/home/rbalajis/vsd_task/vsdRiscvScl180/rtl/empty_macro.v
/home/rbalajis/vsd_task/vsdRiscvScl180/rtl/gpio_control_block.v
/home/rbalajis/vsd_task/vsdRiscvScl180/rtl/gpio_defaults_block.v
/home/rbalajis/vsd_task/vsdRiscvScl180/rtl/gpio_logic_high.v
/home/rbalajis/vsd_task/vsdRiscvScl180/rtl/gpio_signal_buffering.v
/home/rbalajis/vsd_task/vsdRiscvScl180/rtl/gpio_signal_buffering_alt.v
/home/rbalajis/vsd_task/vsdRiscvScl180/rtl/housekeeping.v
/home/rbalajis/vsd_task/vsdRiscvScl180/rtl/housekeeping_spi.v
/home/rbalajis/vsd_task/vsdRiscvScl180/rtl/ibex_all.v
/home/rbalajis/vsd_task/vsdRiscvScl180/rtl/manual_power_connections.v
/home/rbalajis/vsd_task/vsdRiscvScl180/rtl/mgmt_core.v
/home/rbalajis/vsd_task/vsdRiscvScl180/rtl/mgmt_core_wrapper.v
/home/rbalajis/vsd_task/vsdRiscvScl180/rtl/mgmt_protect.v
/home/rbalajis/vsd_task/vsdRiscvScl180/rtl/mgmt_protect_hv.v
/home/rbalajis/vsd_task/vsdRiscvScl180/rtl/mprj2_logic_high.v
/home/rbalajis/vsd_task/vsdRiscvScl180/rtl/mprj_io.v
/home/rbalajis/vsd_task/vsdRiscvScl180/rtl/mprj_io_buffer.v
/home/rbalajis/vsd_task/vsdRiscvScl180/rtl/mprj_logic_high.v
/home/rbalajis/vsd_task/vsdRiscvScl180/rtl/open_source.v
/home/rbalajis/vsd_task/vsdRiscvScl180/rtl/pads.v
/home/rbalajis/vsd_task/vsdRiscvScl180/rtl/picorv32.v
/home/rbalajis/vsd_task/vsdRiscvScl180/rtl/primitives.v
/home/rbalajis/vsd_task/vsdRiscvScl180/rtl/pt3b02_wrapper.v
/home/rbalajis/vsd_task/vsdRiscvScl180/rtl/ring_osc2x13.v
/home/rbalajis/vsd_task/vsdRiscvScl180/rtl/scl180_macro_sparecell.v
/home/rbalajis/vsd_task/vsdRiscvScl180/rtl/spare_logic_block.v
/home/rbalajis/vsd_task/vsdRiscvScl180/rtl/spiflash.v
/home/rbalajis/vsd_task/vsdRiscvScl180/rtl/user_defines.v
/home/rbalajis/vsd_task/vsdRiscvScl180/rtl/user_id_programming.v
/home/rbalajis/vsd_task/vsdRiscvScl180/rtl/user_id_textblock.v
/home/rbalajis/vsd_task/vsdRiscvScl180/rtl/vsdcaravel.v
/home/rbalajis/vsd_task/vsdRiscvScl180/rtl/xres_buf.v
/home/rbalajis/vsd_task/vsdRiscvScl180/rtl/RAM128.v
/home/rbalajis/vsd_task/vsdRiscvScl180/rtl/RAM256.v
/home/rbalajis/vsd_task/vsdRiscvScl180/rtl/VexRiscv_MinDebugCache.v
/home/Synopsys/pdk/SCL_PDK_3/SCLPDK_V3.0_KIT/scl180/iopad/cio250/4M1L/liberty/tsl18cio250_min.db
/home/Synopsys/pdk/SCL_PDK_3/SCLPDK_V3.0_KIT/scl180/stdcell/fs120/4M1IL/liberty/lib_flow_ff/tsl18fs120_scl_ff.db
/home/Synopsys/pdk/SCL_PDK_3/SCLPDK_V3.0_KIT/scl180/iopad/cio250/4M1L/liberty/tsl18cio250_min.db
/home/Synopsys/pdk/SCL_PDK_3/SCLPDK_V3.0_KIT/scl180/stdcell/fs120/4M1IL/liberty/lib_flow_ff/tsl18fs120_scl_ff.db
