[SCL] 12/15/2025 19:22:56 PID:28262 Client:nanodc.iitgn.ac.in Authorization failed Synopsys-Release 2022.03
[SCL] 12/15/2025 19:22:57 PID:28262 Client:nanodc.iitgn.ac.in Server:27020@c2s.cdacb.in Authorization succeeded Design-Compiler 2022.03
[SCL] 12/15/2025 19:22:57 Checking status for feature Design-Compiler
[SCL] 12/15/2025 19:22:57 PID:28262 Client:nanodc.iitgn.ac.in Server:27020@c2s.cdacb.in Checkout succeeded Design-Compiler 2022.03
[SCL] 12/15/2025 19:22:57 PID:28262 Client:nanodc.iitgn.ac.in Authorization failed Synopsys 2022.03
[SCL] 12/15/2025 19:22:58 PID:28262 Client:nanodc.iitgn.ac.in Authorization failed DC-Debug 2022.03
[SCL] 12/15/2025 19:22:58 PID:28262 Client:nanodc.iitgn.ac.in Authorization failed DC-NXT-DPX-Beta 2022.03

                           Design Compiler Graphical 
                                 DC Ultra (TM)
                                  DFTMAX (TM)
                              Power Compiler (TM)
                                 DesignWare (R)
                                 DC Expert (TM)
                               Design Vision (TM)
                               HDL Compiler (TM)
                               VHDL Compiler (TM)
                                  DFT Compiler
                               Design Compiler(R)

               Version T-2022.03-SP5 for linux64 - Oct 11, 2022 

                    Copyright (c) 1988 - 2022 Synopsys, Inc.
   This software and the associated documentation are proprietary to Synopsys,
 Inc. This software may only be used in accordance with the terms and conditions
 of a written license agreement with Synopsys, Inc. All other use, reproduction,
   or distribution of this software is strictly prohibited.  Licensed Products
     communicate with Synopsys servers for the purpose of providing software
    updates, detecting software piracy and verifying that customers are using
    Licensed Products in conformity with the applicable License Key for such
  Licensed Products. Synopsys will use information gathered in connection with
    this process to deliver software updates and pursue software pirates and
                                   infringers.

 Inclusivity & Diversity - Visit SolvNetPlus to read the "Synopsys Statement on
            Inclusivity and Diversity" (Refer to article 000036315 at
                        https://solvnetplus.synopsys.com)
Initializing...
[SCL] 12/15/2025 19:22:58 PID:28262 Client:nanodc.iitgn.ac.in Server:27020@c2s.cdacb.in Authorization succeeded DC-Expert 2022.03
Error: could not open script file "/home/rbalajis/vsd_task/vsdRiscvScl180/synthesis/work_folder/./synth.tcl" (CMD-015)
dc_shell> exit

Memory usage for this session 67 Mbytes.
Memory usage for this session including child processes 67 Mbytes.
CPU usage for this session 1 seconds ( 0.00 hours ).
Elapsed time for this session 9 seconds ( 0.00 hours ).

Thank you...
