****************************************
Report : report_macro_constraints
Design : raven_wrapper
Version: U-2022.12-SP3
Date   : Wed Dec 24 18:58:49 2025
****************************************


  macro 		allowed     			   legal
  name  		orientations			   orientations
  -----------------------------------------------------------------------
  sram
         		all                                all



  macro 		preferred
  name  		location
  -----------------------------------------------------------------------


  macro   	R0 grid   R0 alignment 	R90 grid   R90 alignment
  name    	name      point        	name       point
  -----------------------------------------------------------------------


  macro   	R0 align pins   	R90 align pins 
  name    	to tracks       	to tracks     
  -----------------------------------------------------------------------
  sram
          	false             	false
1
